
=== Wed May 20 02:22:54 2020

Packages were changed.
Update Mode: mergeDefaultDependencies

The following packages were updated:
  com.unity.analytics from version 3.2.2 to 3.3.2
  com.unity.collab-proxy from version 1.2.9 to 1.2.16
  com.unity.package-manager-ui from version 2.1.1 to 2.1.2
  com.unity.purchasing from version 2.0.1 to 2.0.6
  com.unity.textmeshpro from version 1.3.0 to 2.0.1
  com.unity.timeline from version 0.0.0-builtin to 1.0.0

=== Fri Sep 25 18:07:21 2020

Packages were changed.
Update Mode: updateDependencies

The following packages were 已添加:
  com.unity.2d.sprite@1.0.0
  com.unity.2d.tilemap@1.0.0
  com.unity.ide.rider@1.1.4
  com.unity.ide.vscode@1.2.1
  com.unity.modules.androidjni@1.0.0
  com.unity.test-framework@1.1.16
  com.unity.ugui@1.0.0
The following packages were 已更新:
  com.unity.ads 从版本 2.0.8 到 3.4.9
  com.unity.analytics 从版本 3.3.2 到 3.3.5
  com.unity.purchasing 从版本 2.0.6 到 2.1.0
  com.unity.timeline 从版本 1.0.0 到 1.2.6
The following packages were 已移除:
  com.unity.package-manager-ui@2.1.2
